0 info it worked if it ends with ok
1 verbose cli [ 'C:\\Program Files\\nodejs\\node.exe',
1 verbose cli   'C:\\Program Files\\nodejs\\node_modules\\npm\\bin\\npm-cli.js',
1 verbose cli   'start' ]
2 info using npm@6.9.0
3 info using node@v10.16.2
4 verbose stack Error: missing script: start
4 verbose stack     at run (C:\Users\khoir\AppData\Roaming\nvm\v10.16.2\node_modules\npm\lib\run-script.js:155:19)
4 verbose stack     at C:\Users\khoir\AppData\Roaming\nvm\v10.16.2\node_modules\npm\lib\run-script.js:63:5
4 verbose stack     at C:\Users\khoir\AppData\Roaming\nvm\v10.16.2\node_modules\npm\node_modules\read-package-json\read-json.js:115:5
4 verbose stack     at C:\Users\khoir\AppData\Roaming\nvm\v10.16.2\node_modules\npm\node_modules\read-package-json\read-json.js:418:5
4 verbose stack     at checkBinReferences_ (C:\Users\khoir\AppData\Roaming\nvm\v10.16.2\node_modules\npm\node_modules\read-package-json\read-json.js:373:45)
4 verbose stack     at final (C:\Users\khoir\AppData\Roaming\nvm\v10.16.2\node_modules\npm\node_modules\read-package-json\read-json.js:416:3)
4 verbose stack     at then (C:\Users\khoir\AppData\Roaming\nvm\v10.16.2\node_modules\npm\node_modules\read-package-json\read-json.js:160:5)
4 verbose stack     at C:\Users\khoir\AppData\Roaming\nvm\v10.16.2\node_modules\npm\node_modules\read-package-json\read-json.js:364:12
4 verbose stack     at C:\Users\khoir\AppData\Roaming\nvm\v10.16.2\node_modules\npm\node_modules\graceful-fs\graceful-fs.js:90:16
4 verbose stack     at FSReqWrap.readFileAfterClose [as oncomplete] (internal/fs/read_file_context.js:53:3)
5 verbose cwd C:\khoir\Project\programing\sass\qumpuland
6 verbose Windows_NT 10.0.18363
7 verbose argv "C:\\Program Files\\nodejs\\node.exe" "C:\\Program Files\\nodejs\\node_modules\\npm\\bin\\npm-cli.js" "start"
8 verbose node v10.16.2
9 verbose npm  v6.9.0
10 error missing script: start
11 verbose exit [ 1, true ]
